{"ts":1692726972219,"action":"FILE_OPENED","file":"/README.md","tags":{"FILE_LINE_OF_CODE":"50"}}
{"ts":1692726971392,"action":"PROJECT_OPENED","tags":{"PROJECT_NAME":"landing-abstract"}}
{"ts":1692726981241,"action":"FILE_CLOSED","file":"/README.md","tags":{"FILE_LINE_OF_CODE":"50"}}
{"ts":1692726981241,"action":"FILE_OPENED","file":"/src/pages/index.tsx","tags":{"FILE_LINE_OF_CODE":"194"}}
{"ts":1692727015704,"action":"FILE_CLOSED","file":"/src/pages/gatsby.tsx","tags":{"FILE_LINE_OF_CODE":"194"}}
{"ts":1692727015704,"action":"FILE_OPENED","file":"/src/pages/index.tsx","tags":{"FILE_LINE_OF_CODE":"0"}}
{"ts":1692727028639,"action":"IDE_DEACTIVATED"}
{"ts":1692727045979,"action":"IDE_ACTIVATED"}
{"ts":1692727049515,"action":"FILE_CLOSED","file":"/src/pages/index.tsx","tags":{"FILE_LINE_OF_CODE":"0"}}
{"ts":1692727049515,"action":"FILE_OPENED","file":"/src/pages/gatsby.tsx","tags":{"FILE_LINE_OF_CODE":"194"}}
{"ts":1692727053241,"action":"FILE_CLOSED","file":"/src/pages/gatsby.tsx","tags":{"FILE_LINE_OF_CODE":"194"}}
{"ts":1692727053241,"action":"FILE_OPENED","file":"/README.md","tags":{"FILE_LINE_OF_CODE":"50"}}
{"ts":1692727055578,"action":"FILE_CLOSED","file":"/README.md","tags":{"FILE_LINE_OF_CODE":"50"}}
{"ts":1692727055579,"action":"FILE_OPENED","file":"/src/pages/index.tsx","tags":{"FILE_LINE_OF_CODE":"0"}}
{"ts":1692727061719,"action":"FILE_CLOSED","file":"/src/pages/index.tsx","tags":{"FILE_LINE_OF_CODE":"1"}}
{"ts":1692727061719,"action":"FILE_OPENED","file":"/src/pages/gatsby.tsx","tags":{"FILE_LINE_OF_CODE":"194"}}
{"ts":1692727061770,"action":"FILE_CLOSED","file":"/src/pages/gatsby.tsx","tags":{"FILE_LINE_OF_CODE":"194"}}
{"ts":1692727061770,"action":"FILE_OPENED","file":"/src/pages/index.tsx","tags":{"FILE_LINE_OF_CODE":"1"}}
{"ts":1692727061770,"action":"FILE_CLOSED","file":"/src/pages/index.tsx","tags":{"FILE_LINE_OF_CODE":"1"}}
{"ts":1692727061770,"action":"FILE_OPENED","file":"/src/pages/gatsby.tsx","tags":{"FILE_LINE_OF_CODE":"194"}}
{"ts":1692727067458,"action":"FILE_CLOSED","file":"/src/pages/gatsby.tsx","tags":{"FILE_LINE_OF_CODE":"194"}}
{"ts":1692727067458,"action":"FILE_OPENED","file":"/src/pages/index.tsx","tags":{"FILE_LINE_OF_CODE":"1"}}
{"ts":1692727087722,"action":"IDE_DEACTIVATED"}
{"ts":1692727168421,"action":"IDE_ACTIVATED"}
{"ts":1692727176441,"action":"FILE_OPENED","file":"/src/pages/gatsby.tsx","tags":{"FILE_LINE_OF_CODE":"194"}}
